2026-06-16T09:44:28Z INF Thank you for trying Cloudflare Tunnel. Doing so, without a Cloudflare account, is a quick way to experiment and try it out. However, be aware that these account-less Tunnels have no uptime guarantee, are subject to the Cloudflare Online Services Terms of Use (https://www.cloudflare.com/website-terms/), and Cloudflare reserves the right to investigate your use of Tunnels for violations of such terms. If you intend to use Tunnels in production you should use a pre-created named tunnel by following: https://developers.cloudflare.com/cloudflare-one/connections/connect-apps
2026-06-16T09:44:28Z INF Requesting new quick Tunnel on trycloudflare.com...
2026-06-16T09:44:33Z INF +--------------------------------------------------------------------------------------------+
2026-06-16T09:44:33Z INF |  Your quick Tunnel has been created! Visit it at (it may take some time to be reachable):  |
2026-06-16T09:44:33Z INF |  https://band-powerful-ide-examining.trycloudflare.com                                     |
2026-06-16T09:44:33Z INF +--------------------------------------------------------------------------------------------+
2026-06-16T09:44:33Z INF Cannot determine default configuration path. No file [config.yml config.yaml] in [~/.cloudflared ~/.cloudflare-warp ~/cloudflare-warp]
2026-06-16T09:44:33Z INF Version 2026.6.0 (Checksum 03e322598e84d77406fa55b93f59e8e54636c5d8501d9dce36697fcf080ed8cc)
2026-06-16T09:44:33Z INF GOOS: windows, GOVersion: go1.26.4, GoArch: amd64
2026-06-16T09:44:33Z INF Settings: map[ha-connections:1 no-autoupdate:true protocol:quic url:http://127.0.0.1:8088]
2026-06-16T09:44:33Z INF cloudflared will not automatically update on Windows systems.
2026-06-16T09:44:33Z INF Generated Connector ID: 503ff5b8-efc0-49eb-b3f9-635b99adb0e7
2026-06-16T09:44:33Z INF Initial protocol quic
2026-06-16T09:44:33Z INF ICMP proxy will use 192.168.18.19 as source for IPv4
2026-06-16T09:44:33Z INF ICMP proxy will use fe80::975e:ca14:cfbc:c494 in zone Wi-Fi 2 as source for IPv6
2026-06-16T09:44:33Z INF cloudflared does not support loading the system root certificate pool on Windows. Please use --origin-ca-pool <PATH> to specify the path to the certificate pool
2026-06-16T09:44:33Z INF ICMP proxy will use 192.168.18.19 as source for IPv4
2026-06-16T09:44:33Z INF Tunnel connection curve preferences: [X25519MLKEM768 CurveID(65074) CurveP256] connIndex=0 event=0 ip=198.41.200.43
2026-06-16T09:44:34Z INF ICMP proxy will use fe80::975e:ca14:cfbc:c494 in zone Wi-Fi 2 as source for IPv6
2026-06-16T09:44:34Z INF Starting metrics server on 127.0.0.1:20241/metrics
2026-06-16T09:44:34Z INF +-------------------------------------------------------------------------------------+
2026-06-16T09:44:34Z INF |                               CONNECTIVITY PRE-CHECKS                               |
2026-06-16T09:44:34Z INF +-------------------------------------------------------------------------------------+
2026-06-16T09:44:34Z INF |  COMPONENT         TARGET                     STATUS  DETAILS                       |
2026-06-16T09:44:34Z INF |  DNS Resolution    region1.v2.argotunnel.com  PASS    DNS Resolved successfully     |
2026-06-16T09:44:34Z INF |  DNS Resolution    region2.v2.argotunnel.com  PASS    DNS Resolved successfully     |
2026-06-16T09:44:34Z INF |  UDP Connectivity  region1.v2.argotunnel.com  PASS    QUIC connection successful    |
2026-06-16T09:44:34Z INF |  UDP Connectivity  region2.v2.argotunnel.com  PASS    QUIC connection successful    |
2026-06-16T09:44:34Z INF |  TCP Connectivity  region1.v2.argotunnel.com  PASS    HTTP/2 connection successful  |
2026-06-16T09:44:34Z INF |  TCP Connectivity  region2.v2.argotunnel.com  PASS    HTTP/2 connection successful  |
2026-06-16T09:44:34Z INF |  Cloudflare API    api.cloudflare.com:443     PASS    API is reachable              |
2026-06-16T09:44:34Z INF |                                                                                     |
2026-06-16T09:44:34Z INF |  SUMMARY: Environment is healthy. cloudflared will use 'quic' as primary protocol.  |
2026-06-16T09:44:34Z INF +-------------------------------------------------------------------------------------+
2026-06-16T09:44:34Z INF precheck component="DNS Resolution" details="DNS Resolved successfully" run_id=2d8730b6-faaa-495d-af44-268c97c560f9 status=pass target=region1.v2.argotunnel.com
2026-06-16T09:44:34Z INF precheck component="DNS Resolution" details="DNS Resolved successfully" run_id=2d8730b6-faaa-495d-af44-268c97c560f9 status=pass target=region2.v2.argotunnel.com
2026-06-16T09:44:34Z INF precheck component="UDP Connectivity" details="QUIC connection successful" run_id=2d8730b6-faaa-495d-af44-268c97c560f9 status=pass target=region1.v2.argotunnel.com
2026-06-16T09:44:34Z INF precheck component="UDP Connectivity" details="QUIC connection successful" run_id=2d8730b6-faaa-495d-af44-268c97c560f9 status=pass target=region2.v2.argotunnel.com
2026-06-16T09:44:34Z INF precheck component="TCP Connectivity" details="HTTP/2 connection successful" run_id=2d8730b6-faaa-495d-af44-268c97c560f9 status=pass target=region1.v2.argotunnel.com
2026-06-16T09:44:34Z INF precheck component="TCP Connectivity" details="HTTP/2 connection successful" run_id=2d8730b6-faaa-495d-af44-268c97c560f9 status=pass target=region2.v2.argotunnel.com
2026-06-16T09:44:34Z INF precheck component="Cloudflare API" details="API is reachable" run_id=2d8730b6-faaa-495d-af44-268c97c560f9 status=pass target=api.cloudflare.com:443
2026-06-16T09:44:34Z INF precheck complete hard_fail=false run_id=2d8730b6-faaa-495d-af44-268c97c560f9 suggested_protocol=quic
2026-06-16T09:44:34Z INF Registered tunnel connection connIndex=0 connection=51fb7d79-58eb-412a-b05b-7c640acd8f50 event=0 ip=198.41.200.43 location=sin12 protocol=quic
